tests/gemm/test_mm_bf16.py::test_mm_bf16[res_dtype0-8192-2560-1] FAILED                                                     [100%]

============================================================ FAILURES =============================================================
______________________________________________ test_mm_bf16[res_dtype0-8192-2560-1] _______________________________________________

m = 1, n = 2560, k = 8192, res_dtype = torch.bfloat16

    @pytest.mark.parametrize("m", [1, 2, 4, 8, 16])
    @pytest.mark.parametrize("n", [2560, 5120])
    @pytest.mark.parametrize("k", [8192, 16384])
    @pytest.mark.parametrize("res_dtype", [torch.bfloat16, torch.float16])
    def test_mm_bf16(m: int, n: int, k: int, res_dtype: torch.dtype):
        compute_capability = get_compute_capability(torch.device(device="cuda"))
        cc_number = compute_capability[0] * 10 + compute_capability[1]
        if not mm_bf16.is_compute_capability_supported(cc_number):
            pytest.skip(
                f"mm_bf16 requires one of the following compute capabilities: "
                f"{sorted(mm_bf16._supported_ccs)}. "
                f"Detected sm{cc_number}."
            )
    
        torch.manual_seed(42)
        a = torch.randn([m, k], device="cuda", dtype=torch.bfloat16)
        b = torch.randn([k, n], device="cuda", dtype=torch.bfloat16)
        reference = torch.mm(a.float(), b.float())
    
        out = torch.empty([m, n], device="cuda", dtype=res_dtype)
        with autotune():
>           mm_bf16(a, b, out=out, out_dtype=res_dtype)

tests/gemm/test_mm_bf16.py:30: 
_ _ _ _ _ _ _ _ _ _ _ _ _ _ _ _ _ _ _ _ _ _ _ _ _ _ _ _ _ _ _ _ _ _ _ _ _ _ _ _ _ _ _ _ _ _ _ _ _ _ _ _ _ _ _ _ _ _ _ _ _ _ _ _ _ _
flashinfer/gemm.py:254: in mm_bf16
    bf16_gemm_sm100(a, b, out, workspace_buffer)
flashinfer/gemm.py:653: in bf16_gemm_sm100
    runner, tactic = tuner.choose_one(
flashinfer/autotuner.py:477: in choose_one
    r(tensors, tactic=-1, do_preparation=True, **kwargs)
flashinfer/autotuner.py:217: in __call__
    return self.forward(inputs, **kwargs)
           ^^^^^^^^^^^^^^^^^^^^^^^^^^^^^^
flashinfer/gemm.py:534: in forward
    module.bf16_gemm(
python/tvm_ffi/cython/function.pxi:814: in core.Function.__call__
    ???
<unknown>:0: in __tvm_ffi_bf16_gemm
    ???
_ _ _ _ _ _ _ _ _ _ _ _ _ _ _ _ _ _ _ _ _ _ _ _ _ _ _ _ _ _ _ _ _ _ _ _ _ _ _ _ _ _ _ _ _ _ _ _ _ _ _ _ _ _ _ _ _ _ _ _ _ _ _ _ _ _

>   TVM_FFI_ICHECK_EQ(mat1.size(1), mat2.size(1))
E   RuntimeError: Check failed: mat1.size(1) == mat2.size(1) (8192 vs. 2560) : mat1 and mat2 shapes cannot be multiplied (1x8192 and 8192x2560)

csrc/bf16_gemm_cutlass.cu:98: RuntimeError
------------------------------------------------------ Captured stderr call -------------------------------------------------------
2025-11-09 20:38:59,506 - INFO - autotuner.py:256 - flashinfer.jit: [Autotuner]: Autotuning process starts ...
2025-11-09 20:39:29,297 - INFO - autotuner.py:262 - flashinfer.jit: [Autotuner]: Autotuning process ends
===================================================== short test summary info =====================================================
FAILED tests/gemm/test_mm_bf16.py::test_mm_bf16[res_dtype0-8192-2560-1] - RuntimeError: Check failed: mat1.size(1) == mat2.size(1) (8192 vs. 2560) : mat1 and mat2 shapes cannot be multiplied (1x8192 a...
======================================================= 1 failed in 30.43s ========================================================
(.venv) root@92f2318f3ff8:/workspace/flashinfer# 
